2019-07-29T16:37:47.564986+09:00 0 [Warning] [MY-011070] [Server] 'Disabling symbolic links using --skip-symbolic-links (or equivalent) is the default. Consider not using this option as it' is deprecated and will be removed in a future release.
2019-07-29T16:37:47.565056+09:00 0 [System] [MY-010116] [Server] /usr/sbin/mysqld (mysqld 8.0.16) starting as process 1
2019-07-29T16:37:48.154850+09:00 0 [Warning] [MY-010068] [Server] CA certificate ca.pem is self signed.
2019-07-29T16:37:48.160338+09:00 0 [Warning] [MY-011810] [Server] Insecure configuration for --pid-file: Location '/var/run/mysqld' in the path is accessible to all OS users. Consider choosing a different directory.
2019-07-29T16:37:48.192404+09:00 0 [System] [MY-010931] [Server] /usr/sbin/mysqld: ready for connections. Version: '8.0.16'  socket: '/var/run/mysqld/mysqld.sock'  port: 3306  MySQL Community Server - GPL.
2019-07-29T16:37:48.305295+09:00 0 [System] [MY-011323] [Server] X Plugin ready for connections. Socket: '/var/run/mysqld/mysqlx.sock' bind-address: '::' port: 33060
mbind: Operation not permitted
2019-07-29T17:48:17.697890+09:00 0 [System] [MY-010910] [Server] /usr/sbin/mysqld: Shutdown complete (mysqld 8.0.16)  MySQL Community Server - GPL.
2019-07-29T17:48:26.828751+09:00 0 [Warning] [MY-011070] [Server] 'Disabling symbolic links using --skip-symbolic-links (or equivalent) is the default. Consider not using this option as it' is deprecated and will be removed in a future release.
2019-07-29T17:48:26.828825+09:00 0 [System] [MY-010116] [Server] /usr/sbin/mysqld (mysqld 8.0.16) starting as process 1
2019-07-29T17:48:27.372141+09:00 0 [Warning] [MY-010068] [Server] CA certificate ca.pem is self signed.
2019-07-29T17:48:27.392902+09:00 0 [Warning] [MY-011810] [Server] Insecure configuration for --pid-file: Location '/var/run/mysqld' in the path is accessible to all OS users. Consider choosing a different directory.
2019-07-29T17:48:27.452005+09:00 0 [System] [MY-010931] [Server] /usr/sbin/mysqld: ready for connections. Version: '8.0.16'  socket: '/var/run/mysqld/mysqld.sock'  port: 3306  MySQL Community Server - GPL.
2019-07-29T17:48:27.471436+09:00 7 [ERROR] [MY-011294] [Server] Plugin mysqlx reported: 'Unable to use user mysql.session account when connecting the server for internal plugin requests.'
2019-07-29T17:48:27.473162+09:00 0 [ERROR] [MY-011301] [Server] Plugin mysqlx reported: 'You must reset your password using ALTER USER statement before executing this statement.'
2019-07-29T17:58:33.410941+09:00 0 [System] [MY-010910] [Server] /usr/sbin/mysqld: Shutdown complete (mysqld 8.0.16)  MySQL Community Server - GPL.
2019-07-29T18:02:13.432155+09:00 0 [Warning] [MY-011070] [Server] 'Disabling symbolic links using --skip-symbolic-links (or equivalent) is the default. Consider not using this option as it' is deprecated and will be removed in a future release.
2019-07-29T18:02:13.432347+09:00 0 [System] [MY-013169] [Server] /usr/sbin/mysqld (mysqld 8.0.16) initializing of server in progress as process 28
2019-07-29T18:02:17.761607+09:00 5 [Warning] [MY-010453] [Server] root@localhost is created with an empty password ! Please consider switching off the --initialize-insecure option.
2019-07-29T18:02:20.136565+09:00 0 [System] [MY-013170] [Server] /usr/sbin/mysqld (mysqld 8.0.16) initializing of server has completed
2019-07-29T18:02:22.822242+09:00 0 [Warning] [MY-011070] [Server] 'Disabling symbolic links using --skip-symbolic-links (or equivalent) is the default. Consider not using this option as it' is deprecated and will be removed in a future release.
2019-07-29T18:02:22.822325+09:00 0 [System] [MY-010116] [Server] /usr/sbin/mysqld (mysqld 8.0.16) starting as process 79
2019-07-29T18:02:23.354283+09:00 0 [Warning] [MY-010068] [Server] CA certificate ca.pem is self signed.
2019-07-29T18:02:23.359821+09:00 0 [Warning] [MY-011810] [Server] Insecure configuration for --pid-file: Location '/var/run/mysqld' in the path is accessible to all OS users. Consider choosing a different directory.
2019-07-29T18:02:23.385673+09:00 0 [System] [MY-010931] [Server] /usr/sbin/mysqld: ready for connections. Version: '8.0.16'  socket: '/var/run/mysqld/mysqld.sock'  port: 0  MySQL Community Server - GPL.
2019-07-29T18:02:23.430153+09:00 0 [System] [MY-011323] [Server] X Plugin ready for connections. Socket: '/var/run/mysqld/mysqlx.sock'
2019-07-29T18:02:28.993507+09:00 0 [System] [MY-010910] [Server] /usr/sbin/mysqld: Shutdown complete (mysqld 8.0.16)  MySQL Community Server - GPL.
2019-07-29T18:02:29.361396+09:00 0 [Warning] [MY-011070] [Server] 'Disabling symbolic links using --skip-symbolic-links (or equivalent) is the default. Consider not using this option as it' is deprecated and will be removed in a future release.
2019-07-29T18:02:29.361461+09:00 0 [System] [MY-010116] [Server] /usr/sbin/mysqld (mysqld 8.0.16) starting as process 1
2019-07-29T18:02:29.871007+09:00 0 [Warning] [MY-010068] [Server] CA certificate ca.pem is self signed.
2019-07-29T18:02:29.876529+09:00 0 [Warning] [MY-011810] [Server] Insecure configuration for --pid-file: Location '/var/run/mysqld' in the path is accessible to all OS users. Consider choosing a different directory.
2019-07-29T18:02:29.898956+09:00 0 [System] [MY-010931] [Server] /usr/sbin/mysqld: ready for connections. Version: '8.0.16'  socket: '/var/run/mysqld/mysqld.sock'  port: 3306  MySQL Community Server - GPL.
2019-07-29T18:02:29.965008+09:00 0 [System] [MY-011323] [Server] X Plugin ready for connections. Socket: '/var/run/mysqld/mysqlx.sock' bind-address: '::' port: 33060
